[1.504s] Invoking command in '/home/abdelrhaman/robot/build/gui': PYTHONPATH=/home/abdelrhaman/robot/build/gui/prefix_override:/usr/lib/python3/dist-packages/colcon_core/task/python/colcon_distutils_commands:/home/abdelrhaman/robot/install/gui/lib/python3.10/site-packages:${PYTHONPATH} /usr/bin/python3 -W ignore:setup.py install is deprecated setup.py develop --editable --build-directory /home/abdelrhaman/robot/build/gui/build --no-deps symlink_data
[1.995s] running develop
[1.995s] /home/abdelrhaman/.local/lib/python3.10/site-packages/setuptools/command/easy_install.py:144: EasyInstallDeprecationWarning: easy_install command is deprecated. Use build and pip and other standards-based tools.
[1.995s]   warnings.warn(
[2.256s] running egg_info
[2.256s] creating gui.egg-info
[2.294s] writing gui.egg-info/PKG-INFO
[2.326s] writing dependency_links to gui.egg-info/dependency_links.txt
[2.420s] writing entry points to gui.egg-info/entry_points.txt
[2.483s] writing requirements to gui.egg-info/requires.txt
[2.514s] writing top-level names to gui.egg-info/top_level.txt
[2.514s] writing manifest file 'gui.egg-info/SOURCES.txt'
[2.561s] reading manifest file 'gui.egg-info/SOURCES.txt'
[2.561s] writing manifest file 'gui.egg-info/SOURCES.txt'
[2.600s] running build_ext
[2.600s] Creating /home/abdelrhaman/robot/install/gui/lib/python3.10/site-packages/gui.egg-link (link to .)
[2.601s] Installing GuiTabs script to /home/abdelrhaman/robot/install/gui/lib/gui
[2.601s] Installing line script to /home/abdelrhaman/robot/install/gui/lib/gui
[2.601s] 
[2.601s] Installed /home/abdelrhaman/robot/build/gui
[2.601s] running symlink_data
[2.601s] creating /home/abdelrhaman/robot/install/gui/share/ament_index
[2.601s] creating /home/abdelrhaman/robot/install/gui/share/ament_index/resource_index
[2.601s] creating /home/abdelrhaman/robot/install/gui/share/ament_index/resource_index/packages
[2.602s] symbolically linking /home/abdelrhaman/robot/build/gui/resource/gui -> /home/abdelrhaman/robot/install/gui/share/ament_index/resource_index/packages
[2.602s] symbolically linking /home/abdelrhaman/robot/build/gui/package.xml -> /home/abdelrhaman/robot/install/gui/share/gui
[2.624s] Invoked command in '/home/abdelrhaman/robot/build/gui' returned '0': PYTHONPATH=/home/abdelrhaman/robot/build/gui/prefix_override:/usr/lib/python3/dist-packages/colcon_core/task/python/colcon_distutils_commands:/home/abdelrhaman/robot/install/gui/lib/python3.10/site-packages:${PYTHONPATH} /usr/bin/python3 -W ignore:setup.py install is deprecated setup.py develop --editable --build-directory /home/abdelrhaman/robot/build/gui/build --no-deps symlink_data
