[1.038s] Invoking command in '/home/abdelrhaman/robot/ros_ws/src/build/gui': PYTHONPATH=/home/abdelrhaman/robot/ros_ws/src/build/gui/prefix_override:/usr/lib/python3/dist-packages/colcon_core/task/python/colcon_distutils_commands:/home/abdelrhaman/robot/ros_ws/src/install/gui/lib/python3.10/site-packages:${PYTHONPATH} /usr/bin/python3 -W ignore:setup.py install is deprecated setup.py develop --editable --build-directory /home/abdelrhaman/robot/ros_ws/src/build/gui/build --no-deps symlink_data
[1.528s] running develop
[1.528s] /home/abdelrhaman/.local/lib/python3.10/site-packages/setuptools/command/easy_install.py:144: EasyInstallDeprecationWarning: easy_install command is deprecated. Use build and pip and other standards-based tools.
[1.528s]   warnings.warn(
[1.787s] running egg_info
[1.825s] writing gui.egg-info/PKG-INFO
[1.856s] writing dependency_links to gui.egg-info/dependency_links.txt
[1.950s] writing entry points to gui.egg-info/entry_points.txt
[2.012s] writing requirements to gui.egg-info/requires.txt
[2.044s] writing top-level names to gui.egg-info/top_level.txt
[2.090s] reading manifest file 'gui.egg-info/SOURCES.txt'
[2.090s] writing manifest file 'gui.egg-info/SOURCES.txt'
[2.129s] running build_ext
[2.129s] Creating /home/abdelrhaman/robot/ros_ws/src/install/gui/lib/python3.10/site-packages/gui.egg-link (link to .)
[2.129s] Installing line script to /home/abdelrhaman/robot/ros_ws/src/install/gui/lib/gui
[2.129s] 
[2.129s] Installed /home/abdelrhaman/robot/ros_ws/src/build/gui
[2.129s] running symlink_data
[2.129s] symbolically linking /home/abdelrhaman/robot/ros_ws/src/build/gui/resource/gui -> /home/abdelrhaman/robot/ros_ws/src/install/gui/share/ament_index/resource_index/packages
[2.130s] symbolically linking /home/abdelrhaman/robot/ros_ws/src/build/gui/package.xml -> /home/abdelrhaman/robot/ros_ws/src/install/gui/share/gui
[2.152s] Invoked command in '/home/abdelrhaman/robot/ros_ws/src/build/gui' returned '0': PYTHONPATH=/home/abdelrhaman/robot/ros_ws/src/build/gui/prefix_override:/usr/lib/python3/dist-packages/colcon_core/task/python/colcon_distutils_commands:/home/abdelrhaman/robot/ros_ws/src/install/gui/lib/python3.10/site-packages:${PYTHONPATH} /usr/bin/python3 -W ignore:setup.py install is deprecated setup.py develop --editable --build-directory /home/abdelrhaman/robot/ros_ws/src/build/gui/build --no-deps symlink_data
