[1.038s] Invoking command in '/home/abdelrhaman/robot/ros_ws/src/build/gui': PYTHONPATH=/home/abdelrhaman/robot/ros_ws/src/build/gui/prefix_override:/usr/lib/python3/dist-packages/colcon_core/task/python/colcon_distutils_commands:/home/abdelrhaman/robot/ros_ws/src/install/gui/lib/python3.10/site-packages:${PYTHONPATH} /usr/bin/python3 -W ignore:setup.py install is deprecated setup.py develop --editable --build-directory /home/abdelrhaman/robot/ros_ws/src/build/gui/build --no-deps symlink_data
[1.521s] running develop
[1.521s] /home/abdelrhaman/.local/lib/python3.10/site-packages/setuptools/command/easy_install.py:144: EasyInstallDeprecationWarning: easy_install command is deprecated. Use build and pip and other standards-based tools.
[1.521s]   warnings.warn(
[1.783s] running egg_info
[1.821s] writing gui.egg-info/PKG-INFO
[1.853s] writing dependency_links to gui.egg-info/dependency_links.txt
[1.948s] writing entry points to gui.egg-info/entry_points.txt
[2.011s] writing requirements to gui.egg-info/requires.txt
[2.043s] writing top-level names to gui.egg-info/top_level.txt
[2.090s] reading manifest file 'gui.egg-info/SOURCES.txt'
[2.090s] writing manifest file 'gui.egg-info/SOURCES.txt'
[2.130s] running build_ext
[2.130s] Creating /home/abdelrhaman/robot/ros_ws/src/install/gui/lib/python3.10/site-packages/gui.egg-link (link to .)
[2.131s] Installing GuiTabs script to /home/abdelrhaman/robot/ros_ws/src/install/gui/lib/gui
[2.131s] Installing line script to /home/abdelrhaman/robot/ros_ws/src/install/gui/lib/gui
[2.131s] 
[2.131s] Installed /home/abdelrhaman/robot/ros_ws/src/build/gui
[2.131s] running symlink_data
[2.153s] Invoked command in '/home/abdelrhaman/robot/ros_ws/src/build/gui' returned '0': PYTHONPATH=/home/abdelrhaman/robot/ros_ws/src/build/gui/prefix_override:/usr/lib/python3/dist-packages/colcon_core/task/python/colcon_distutils_commands:/home/abdelrhaman/robot/ros_ws/src/install/gui/lib/python3.10/site-packages:${PYTHONPATH} /usr/bin/python3 -W ignore:setup.py install is deprecated setup.py develop --editable --build-directory /home/abdelrhaman/robot/ros_ws/src/build/gui/build --no-deps symlink_data
