[0.067s] DEBUG:colcon:Command line arguments: ['/usr/bin/colcon', 'build', '--symlink-install']
[0.067s] DEBUG:colcon:Parsed command line arguments: Namespace(log_base=None, log_level=None, verb_name='build', build_base='build', install_base='install', merge_install=False, symlink_install=True, test_result_base=None, continue_on_error=False, executor='parallel', parallel_workers=20, event_handlers=None, ignore_user_meta=False, metas=['./colcon.meta'], base_paths=['.'], packages_ignore=None, packages_ignore_regex=None, paths=None, packages_up_to=None, packages_up_to_regex=None, packages_above=None, packages_above_and_dependencies=None, packages_above_depth=None, packages_select_by_dep=None, packages_skip_by_dep=None, packages_skip_up_to=None, packages_select_build_failed=False, packages_skip_build_finished=False, packages_select_test_failures=False, packages_skip_test_passed=False, packages_select=None, packages_skip=None, packages_select_regex=None, packages_skip_regex=None, packages_start=None, packages_end=None, allow_overriding=[], cmake_args=None, cmake_target=None, cmake_target_skip_unavailable=False, cmake_clean_cache=False, cmake_clean_first=False, cmake_force_configure=False, ament_cmake_args=None, catkin_cmake_args=None, catkin_skip_building_tests=False, verb_parser=<colcon_defaults.argument_parser.defaults.DefaultArgumentsDecorator object at 0x7084ab32d6c0>, verb_extension=<colcon_core.verb.build.BuildVerb object at 0x7084ab32d450>, main=<bound method BuildVerb.main of <colcon_core.verb.build.BuildVerb object at 0x7084ab32d450>>)
[0.172s] Level 1:colcon.colcon_core.package_discovery:discover_packages(colcon_meta) check parameters
[0.173s] Level 1:colcon.colcon_core.package_discovery:discover_packages(recursive) check parameters
[0.173s] Level 1:colcon.colcon_core.package_discovery:discover_packages(ignore) check parameters
[0.173s] Level 1:colcon.colcon_core.package_discovery:discover_packages(path) check parameters
[0.173s] Level 1:colcon.colcon_core.package_discovery:discover_packages(colcon_meta) discover
[0.173s] Level 1:colcon.colcon_core.package_discovery:discover_packages(recursive) discover
[0.173s] INFO:colcon.colcon_core.package_discovery:Crawling recursively for packages in '/home/abdelrhaman/robot/ros_ws/src'
[0.173s] Level 1:colcon.colcon_core.package_identification:_identify(.) by extensions ['ignore', 'ignore_ament_install']
[0.173s] Level 1:colcon.colcon_core.package_identification:_identify(.) by extension 'ignore'
[0.173s] Level 1:colcon.colcon_core.package_identification:_identify(.) by extension 'ignore_ament_install'
[0.173s] Level 1:colcon.colcon_core.package_identification:_identify(.) by extensions ['colcon_pkg']
[0.173s] Level 1:colcon.colcon_core.package_identification:_identify(.) by extension 'colcon_pkg'
[0.173s] Level 1:colcon.colcon_core.package_identification:_identify(.) by extensions ['colcon_meta']
[0.173s] Level 1:colcon.colcon_core.package_identification:_identify(.) by extension 'colcon_meta'
[0.173s] Level 1:colcon.colcon_core.package_identification:_identify(.) by extensions ['ros']
[0.173s] Level 1:colcon.colcon_core.package_identification:_identify(.) by extension 'ros'
[0.181s] Level 1:colcon.colcon_core.package_identification:_identify(.) by extensions ['cmake', 'python']
[0.181s] Level 1:colcon.colcon_core.package_identification:_identify(.) by extension 'cmake'
[0.181s] Level 1:colcon.colcon_core.package_identification:_identify(.) by extension 'python'
[0.181s] Level 1:colcon.colcon_core.package_identification:_identify(.) by extensions ['python_setup_py']
[0.181s] Level 1:colcon.colcon_core.package_identification:_identify(.) by extension 'python_setup_py'
[0.181s] Level 1:colcon.colcon_core.package_identification:_identify(build) by extensions ['ignore', 'ignore_ament_install']
[0.181s] Level 1:colcon.colcon_core.package_identification:_identify(build) by extension 'ignore'
[0.181s] Level 1:colcon.colcon_core.package_identification:_identify(build) ignored
[0.181s] Level 1:colcon.colcon_core.package_identification:_identify(control) by extensions ['ignore', 'ignore_ament_install']
[0.181s] Level 1:colcon.colcon_core.package_identification:_identify(control) by extension 'ignore'
[0.181s] Level 1:colcon.colcon_core.package_identification:_identify(control) by extension 'ignore_ament_install'
[0.181s] Level 1:colcon.colcon_core.package_identification:_identify(control) by extensions ['colcon_pkg']
[0.181s] Level 1:colcon.colcon_core.package_identification:_identify(control) by extension 'colcon_pkg'
[0.181s] Level 1:colcon.colcon_core.package_identification:_identify(control) by extensions ['colcon_meta']
[0.181s] Level 1:colcon.colcon_core.package_identification:_identify(control) by extension 'colcon_meta'
[0.181s] Level 1:colcon.colcon_core.package_identification:_identify(control) by extensions ['ros']
[0.181s] Level 1:colcon.colcon_core.package_identification:_identify(control) by extension 'ros'
[0.183s] DEBUG:colcon.colcon_core.package_identification:Package 'control' with type 'ros.ament_python' and name 'control'
[0.183s] Level 1:colcon.colcon_core.package_identification:_identify(gui) by extensions ['ignore', 'ignore_ament_install']
[0.183s] Level 1:colcon.colcon_core.package_identification:_identify(gui) by extension 'ignore'
[0.183s] Level 1:colcon.colcon_core.package_identification:_identify(gui) by extension 'ignore_ament_install'
[0.183s] Level 1:colcon.colcon_core.package_identification:_identify(gui) by extensions ['colcon_pkg']
[0.183s] Level 1:colcon.colcon_core.package_identification:_identify(gui) by extension 'colcon_pkg'
[0.183s] Level 1:colcon.colcon_core.package_identification:_identify(gui) by extensions ['colcon_meta']
[0.183s] Level 1:colcon.colcon_core.package_identification:_identify(gui) by extension 'colcon_meta'
[0.183s] Level 1:colcon.colcon_core.package_identification:_identify(gui) by extensions ['ros']
[0.183s] Level 1:colcon.colcon_core.package_identification:_identify(gui) by extension 'ros'
[0.190s] DEBUG:colcon.colcon_core.package_identification:Package 'gui' with type 'ros.ament_python' and name 'gui'
[0.190s] Level 1:colcon.colcon_core.package_identification:_identify(install) by extensions ['ignore', 'ignore_ament_install']
[0.190s] Level 1:colcon.colcon_core.package_identification:_identify(install) by extension 'ignore'
[0.190s] Level 1:colcon.colcon_core.package_identification:_identify(install) ignored
[0.191s] Level 1:colcon.colcon_core.package_identification:_identify(log) by extensions ['ignore', 'ignore_ament_install']
[0.191s] Level 1:colcon.colcon_core.package_identification:_identify(log) by extension 'ignore'
[0.191s] Level 1:colcon.colcon_core.package_identification:_identify(log) ignored
[0.191s] Level 1:colcon.colcon_core.package_discovery:discover_packages(recursive) using defaults
[0.191s] Level 1:colcon.colcon_core.package_discovery:discover_packages(ignore) discover
[0.191s] Level 1:colcon.colcon_core.package_discovery:discover_packages(ignore) using defaults
[0.191s] Level 1:colcon.colcon_core.package_discovery:discover_packages(path) discover
[0.191s] Level 1:colcon.colcon_core.package_discovery:discover_packages(path) using defaults
[0.205s] Level 1:colcon.colcon_core.package_discovery:discover_packages(prefix_path) check parameters
[0.205s] Level 1:colcon.colcon_core.package_discovery:discover_packages(prefix_path) discover
[0.206s] DEBUG:colcon.colcon_installed_package_information.package_discovery:Found 3 installed packages in /home/abdelrhaman/robot/ros_ws/src/install
[0.207s] DEBUG:colcon.colcon_installed_package_information.package_discovery:Found 273 installed packages in /opt/ros/humble
[0.207s] Level 1:colcon.colcon_core.package_discovery:discover_packages(prefix_path) using defaults
[0.228s] Level 5:colcon.colcon_core.verb:set package 'control' build argument 'cmake_args' from command line to 'None'
[0.228s] Level 5:colcon.colcon_core.verb:set package 'control' build argument 'cmake_target' from command line to 'None'
[0.228s] Level 5:colcon.colcon_core.verb:set package 'control' build argument 'cmake_target_skip_unavailable' from command line to 'False'
[0.228s] Level 5:colcon.colcon_core.verb:set package 'control' build argument 'cmake_clean_cache' from command line to 'False'
[0.228s] Level 5:colcon.colcon_core.verb:set package 'control' build argument 'cmake_clean_first' from command line to 'False'
[0.228s] Level 5:colcon.colcon_core.verb:set package 'control' build argument 'cmake_force_configure' from command line to 'False'
[0.228s] Level 5:colcon.colcon_core.verb:set package 'control' build argument 'ament_cmake_args' from command line to 'None'
[0.229s] Level 5:colcon.colcon_core.verb:set package 'control' build argument 'catkin_cmake_args' from command line to 'None'
[0.229s] Level 5:colcon.colcon_core.verb:set package 'control' build argument 'catkin_skip_building_tests' from command line to 'False'
[0.229s] DEBUG:colcon.colcon_core.verb:Building package 'control' with the following arguments: {'ament_cmake_args': None, 'build_base': '/home/abdelrhaman/robot/ros_ws/src/build/control', 'catkin_cmake_args': None, 'catkin_skip_building_tests': False, 'cmake_args': None, 'cmake_clean_cache': False, 'cmake_clean_first': False, 'cmake_force_configure': False, 'cmake_target': None, 'cmake_target_skip_unavailable': False, 'install_base': '/home/abdelrhaman/robot/ros_ws/src/install/control', 'merge_install': False, 'path': '/home/abdelrhaman/robot/ros_ws/src/control', 'symlink_install': True, 'test_result_base': None}
[0.229s] Level 5:colcon.colcon_core.verb:set package 'gui' build argument 'cmake_args' from command line to 'None'
[0.229s] Level 5:colcon.colcon_core.verb:set package 'gui' build argument 'cmake_target' from command line to 'None'
[0.229s] Level 5:colcon.colcon_core.verb:set package 'gui' build argument 'cmake_target_skip_unavailable' from command line to 'False'
[0.229s] Level 5:colcon.colcon_core.verb:set package 'gui' build argument 'cmake_clean_cache' from command line to 'False'
[0.229s] Level 5:colcon.colcon_core.verb:set package 'gui' build argument 'cmake_clean_first' from command line to 'False'
[0.229s] Level 5:colcon.colcon_core.verb:set package 'gui' build argument 'cmake_force_configure' from command line to 'False'
[0.229s] Level 5:colcon.colcon_core.verb:set package 'gui' build argument 'ament_cmake_args' from command line to 'None'
[0.229s] Level 5:colcon.colcon_core.verb:set package 'gui' build argument 'catkin_cmake_args' from command line to 'None'
[0.229s] Level 5:colcon.colcon_core.verb:set package 'gui' build argument 'catkin_skip_building_tests' from command line to 'False'
[0.229s] DEBUG:colcon.colcon_core.verb:Building package 'gui' with the following arguments: {'ament_cmake_args': None, 'build_base': '/home/abdelrhaman/robot/ros_ws/src/build/gui', 'catkin_cmake_args': None, 'catkin_skip_building_tests': False, 'cmake_args': None, 'cmake_clean_cache': False, 'cmake_clean_first': False, 'cmake_force_configure': False, 'cmake_target': None, 'cmake_target_skip_unavailable': False, 'install_base': '/home/abdelrhaman/robot/ros_ws/src/install/gui', 'merge_install': False, 'path': '/home/abdelrhaman/robot/ros_ws/src/gui', 'symlink_install': True, 'test_result_base': None}
[0.229s] INFO:colcon.colcon_core.executor:Executing jobs using 'parallel' executor
[0.230s] DEBUG:colcon.colcon_parallel_executor.executor.parallel:run_until_complete
[0.230s] INFO:colcon.colcon_ros.task.ament_python.build:Building ROS package in '/home/abdelrhaman/robot/ros_ws/src/control' with build type 'ament_python'
[0.230s] Level 1:colcon.colcon_core.shell:create_environment_hook('control', 'ament_prefix_path')
[0.232s] INFO:colcon.colcon_core.plugin_system:Skipping extension 'colcon_core.shell.bat': Not used on non-Windows systems
[0.232s] INFO:colcon.colcon_core.shell:Creating environment hook '/home/abdelrhaman/robot/ros_ws/src/install/control/share/control/hook/ament_prefix_path.ps1'
[0.232s] INFO:colcon.colcon_core.shell:Creating environment descriptor '/home/abdelrhaman/robot/ros_ws/src/install/control/share/control/hook/ament_prefix_path.dsv'
[0.232s] INFO:colcon.colcon_core.shell:Creating environment hook '/home/abdelrhaman/robot/ros_ws/src/install/control/share/control/hook/ament_prefix_path.sh'
[0.233s] INFO:colcon.colcon_core.shell:Skip shell extension 'powershell' for command environment: Not usable outside of PowerShell
[0.233s] DEBUG:colcon.colcon_core.shell:Skip shell extension 'dsv' for command environment
[0.235s] INFO:colcon.colcon_ros.task.ament_python.build:Building ROS package in '/home/abdelrhaman/robot/ros_ws/src/gui' with build type 'ament_python'
[0.235s] Level 1:colcon.colcon_core.shell:create_environment_hook('gui', 'ament_prefix_path')
[0.235s] INFO:colcon.colcon_core.shell:Creating environment hook '/home/abdelrhaman/robot/ros_ws/src/install/gui/share/gui/hook/ament_prefix_path.ps1'
[0.235s] INFO:colcon.colcon_core.shell:Creating environment descriptor '/home/abdelrhaman/robot/ros_ws/src/install/gui/share/gui/hook/ament_prefix_path.dsv'
[0.236s] INFO:colcon.colcon_core.shell:Creating environment hook '/home/abdelrhaman/robot/ros_ws/src/install/gui/share/gui/hook/ament_prefix_path.sh'
[0.236s] INFO:colcon.colcon_core.shell:Skip shell extension 'powershell' for command environment: Not usable outside of PowerShell
[0.236s] DEBUG:colcon.colcon_core.shell:Skip shell extension 'dsv' for command environment
[0.695s] INFO:colcon.colcon_core.task.python.build:Building Python package in '/home/abdelrhaman/robot/ros_ws/src/control'
[0.695s] INFO:colcon.colcon_core.shell:Skip shell extension 'powershell' for command environment: Not usable outside of PowerShell
[0.695s] DEBUG:colcon.colcon_core.shell:Skip shell extension 'dsv' for command environment
[1.151s] INFO:colcon.colcon_core.task.python.build:Building Python package in '/home/abdelrhaman/robot/ros_ws/src/gui'
[1.151s] INFO:colcon.colcon_core.shell:Skip shell extension 'powershell' for command environment: Not usable outside of PowerShell
[1.151s] DEBUG:colcon.colcon_core.shell:Skip shell extension 'dsv' for command environment
[1.747s] DEBUG:colcon.colcon_core.event_handler.log_command:Invoking command in '/home/abdelrhaman/robot/ros_ws/src/build/control': PYTHONPATH=/home/abdelrhaman/robot/ros_ws/src/build/control/prefix_override:/usr/lib/python3/dist-packages/colcon_core/task/python/colcon_distutils_commands:/home/abdelrhaman/robot/ros_ws/src/install/control/lib/python3.10/site-packages:${PYTHONPATH} /usr/bin/python3 -W ignore:setup.py install is deprecated setup.py develop --editable --build-directory /home/abdelrhaman/robot/ros_ws/src/build/control/build --no-deps symlink_data
[1.752s] DEBUG:colcon.colcon_core.event_handler.log_command:Invoking command in '/home/abdelrhaman/robot/ros_ws/src/build/gui': PYTHONPATH=/home/abdelrhaman/robot/ros_ws/src/build/gui/prefix_override:/usr/lib/python3/dist-packages/colcon_core/task/python/colcon_distutils_commands:/home/abdelrhaman/robot/ros_ws/src/install/gui/lib/python3.10/site-packages:${PYTHONPATH} /usr/bin/python3 -W ignore:setup.py install is deprecated setup.py develop --editable --build-directory /home/abdelrhaman/robot/ros_ws/src/build/gui/build --no-deps symlink_data
[2.891s] Level 1:colcon.colcon_core.shell:create_environment_hook('gui', 'pythonpath_develop')
[2.891s] INFO:colcon.colcon_core.shell:Creating environment hook '/home/abdelrhaman/robot/ros_ws/src/build/gui/share/gui/hook/pythonpath_develop.ps1'
[2.892s] DEBUG:colcon.colcon_core.event_handler.log_command:Invoked command in '/home/abdelrhaman/robot/ros_ws/src/build/gui' returned '0': PYTHONPATH=/home/abdelrhaman/robot/ros_ws/src/build/gui/prefix_override:/usr/lib/python3/dist-packages/colcon_core/task/python/colcon_distutils_commands:/home/abdelrhaman/robot/ros_ws/src/install/gui/lib/python3.10/site-packages:${PYTHONPATH} /usr/bin/python3 -W ignore:setup.py install is deprecated setup.py develop --editable --build-directory /home/abdelrhaman/robot/ros_ws/src/build/gui/build --no-deps symlink_data
[2.892s] INFO:colcon.colcon_core.shell:Creating environment descriptor '/home/abdelrhaman/robot/ros_ws/src/build/gui/share/gui/hook/pythonpath_develop.dsv'
[2.892s] INFO:colcon.colcon_core.shell:Creating environment hook '/home/abdelrhaman/robot/ros_ws/src/build/gui/share/gui/hook/pythonpath_develop.sh'
[2.894s] Level 1:colcon.colcon_core.environment:checking '/home/abdelrhaman/robot/ros_ws/src/install/gui' for CMake module files
[2.894s] Level 1:colcon.colcon_core.environment:checking '/home/abdelrhaman/robot/ros_ws/src/install/gui' for CMake config files
[2.895s] Level 1:colcon.colcon_core.environment:checking '/home/abdelrhaman/robot/ros_ws/src/install/gui/lib'
[2.895s] Level 1:colcon.colcon_core.environment:checking '/home/abdelrhaman/robot/ros_ws/src/install/gui/bin'
[2.895s] Level 1:colcon.colcon_core.environment:checking '/home/abdelrhaman/robot/ros_ws/src/install/gui/lib/pkgconfig/gui.pc'
[2.895s] Level 1:colcon.colcon_core.environment:checking '/home/abdelrhaman/robot/ros_ws/src/install/gui/lib/python3.10/site-packages'
[2.895s] Level 1:colcon.colcon_core.shell:create_environment_hook('gui', 'pythonpath')
[2.895s] INFO:colcon.colcon_core.shell:Creating environment hook '/home/abdelrhaman/robot/ros_ws/src/install/gui/share/gui/hook/pythonpath.ps1'
[2.895s] INFO:colcon.colcon_core.shell:Creating environment descriptor '/home/abdelrhaman/robot/ros_ws/src/install/gui/share/gui/hook/pythonpath.dsv'
[2.896s] INFO:colcon.colcon_core.shell:Creating environment hook '/home/abdelrhaman/robot/ros_ws/src/install/gui/share/gui/hook/pythonpath.sh'
[2.896s] Level 1:colcon.colcon_core.environment:checking '/home/abdelrhaman/robot/ros_ws/src/install/gui/bin'
[2.896s] Level 1:colcon.colcon_core.environment:create_environment_scripts_only(gui)
[2.896s] INFO:colcon.colcon_core.shell:Creating package script '/home/abdelrhaman/robot/ros_ws/src/install/gui/share/gui/package.ps1'
[2.897s] INFO:colcon.colcon_core.shell:Creating package descriptor '/home/abdelrhaman/robot/ros_ws/src/install/gui/share/gui/package.dsv'
[2.897s] INFO:colcon.colcon_core.shell:Creating package script '/home/abdelrhaman/robot/ros_ws/src/install/gui/share/gui/package.sh'
[2.897s] INFO:colcon.colcon_core.shell:Creating package script '/home/abdelrhaman/robot/ros_ws/src/install/gui/share/gui/package.bash'
[2.898s] INFO:colcon.colcon_core.shell:Creating package script '/home/abdelrhaman/robot/ros_ws/src/install/gui/share/gui/package.zsh'
[2.898s] Level 1:colcon.colcon_core.environment:create_file_with_runtime_dependencies(/home/abdelrhaman/robot/ros_ws/src/install/gui/share/colcon-core/packages/gui)
[2.899s] Level 1:colcon.colcon_core.shell:create_environment_hook('control', 'pythonpath_develop')
[2.899s] INFO:colcon.colcon_core.shell:Creating environment hook '/home/abdelrhaman/robot/ros_ws/src/build/control/share/control/hook/pythonpath_develop.ps1'
[2.900s] DEBUG:colcon.colcon_core.event_handler.log_command:Invoked command in '/home/abdelrhaman/robot/ros_ws/src/build/control' returned '0': PYTHONPATH=/home/abdelrhaman/robot/ros_ws/src/build/control/prefix_override:/usr/lib/python3/dist-packages/colcon_core/task/python/colcon_distutils_commands:/home/abdelrhaman/robot/ros_ws/src/install/control/lib/python3.10/site-packages:${PYTHONPATH} /usr/bin/python3 -W ignore:setup.py install is deprecated setup.py develop --editable --build-directory /home/abdelrhaman/robot/ros_ws/src/build/control/build --no-deps symlink_data
[2.900s] INFO:colcon.colcon_core.shell:Creating environment descriptor '/home/abdelrhaman/robot/ros_ws/src/build/control/share/control/hook/pythonpath_develop.dsv'
[2.900s] INFO:colcon.colcon_core.shell:Creating environment hook '/home/abdelrhaman/robot/ros_ws/src/build/control/share/control/hook/pythonpath_develop.sh'
[2.900s] Level 1:colcon.colcon_core.environment:checking '/home/abdelrhaman/robot/ros_ws/src/install/control' for CMake module files
[2.901s] Level 1:colcon.colcon_core.environment:checking '/home/abdelrhaman/robot/ros_ws/src/install/control' for CMake config files
[2.901s] Level 1:colcon.colcon_core.environment:checking '/home/abdelrhaman/robot/ros_ws/src/install/control/lib'
[2.901s] Level 1:colcon.colcon_core.environment:checking '/home/abdelrhaman/robot/ros_ws/src/install/control/bin'
[2.901s] Level 1:colcon.colcon_core.environment:checking '/home/abdelrhaman/robot/ros_ws/src/install/control/lib/pkgconfig/control.pc'
[2.901s] Level 1:colcon.colcon_core.environment:checking '/home/abdelrhaman/robot/ros_ws/src/install/control/lib/python3.10/site-packages'
[2.901s] Level 1:colcon.colcon_core.shell:create_environment_hook('control', 'pythonpath')
[2.901s] INFO:colcon.colcon_core.shell:Creating environment hook '/home/abdelrhaman/robot/ros_ws/src/install/control/share/control/hook/pythonpath.ps1'
[2.902s] INFO:colcon.colcon_core.shell:Creating environment descriptor '/home/abdelrhaman/robot/ros_ws/src/install/control/share/control/hook/pythonpath.dsv'
[2.902s] INFO:colcon.colcon_core.shell:Creating environment hook '/home/abdelrhaman/robot/ros_ws/src/install/control/share/control/hook/pythonpath.sh'
[2.902s] Level 1:colcon.colcon_core.environment:checking '/home/abdelrhaman/robot/ros_ws/src/install/control/bin'
[2.902s] Level 1:colcon.colcon_core.environment:create_environment_scripts_only(control)
[2.902s] INFO:colcon.colcon_core.shell:Creating package script '/home/abdelrhaman/robot/ros_ws/src/install/control/share/control/package.ps1'
[2.902s] INFO:colcon.colcon_core.shell:Creating package descriptor '/home/abdelrhaman/robot/ros_ws/src/install/control/share/control/package.dsv'
[2.903s] INFO:colcon.colcon_core.shell:Creating package script '/home/abdelrhaman/robot/ros_ws/src/install/control/share/control/package.sh'
[2.903s] INFO:colcon.colcon_core.shell:Creating package script '/home/abdelrhaman/robot/ros_ws/src/install/control/share/control/package.bash'
[2.903s] INFO:colcon.colcon_core.shell:Creating package script '/home/abdelrhaman/robot/ros_ws/src/install/control/share/control/package.zsh'
[2.903s] Level 1:colcon.colcon_core.environment:create_file_with_runtime_dependencies(/home/abdelrhaman/robot/ros_ws/src/install/control/share/colcon-core/packages/control)
[2.903s] DEBUG:colcon.colcon_parallel_executor.executor.parallel:closing loop
[2.903s] DEBUG:colcon.colcon_parallel_executor.executor.parallel:loop closed
[2.904s] DEBUG:colcon.colcon_parallel_executor.executor.parallel:run_until_complete finished with '0'
[2.904s] DEBUG:colcon.colcon_core.event_reactor:joining thread
[2.907s] INFO:colcon.colcon_core.plugin_system:Skipping extension 'colcon_notification.desktop_notification.terminal_notifier': Not used on non-Darwin systems
[2.907s] INFO:colcon.colcon_core.plugin_system:Skipping extension 'colcon_notification.desktop_notification.win32': Not used on non-Windows systems
[2.907s] INFO:colcon.colcon_notification.desktop_notification:Sending desktop notification using 'notify2'
[2.916s] DEBUG:colcon.colcon_core.event_reactor:joined thread
[2.916s] INFO:colcon.colcon_core.shell:Creating prefix script '/home/abdelrhaman/robot/ros_ws/src/install/local_setup.ps1'
[2.917s] INFO:colcon.colcon_core.shell:Creating prefix util module '/home/abdelrhaman/robot/ros_ws/src/install/_local_setup_util_ps1.py'
[2.919s] INFO:colcon.colcon_core.shell:Creating prefix chain script '/home/abdelrhaman/robot/ros_ws/src/install/setup.ps1'
[2.920s] INFO:colcon.colcon_core.shell:Creating prefix script '/home/abdelrhaman/robot/ros_ws/src/install/local_setup.sh'
[2.921s] INFO:colcon.colcon_core.shell:Creating prefix util module '/home/abdelrhaman/robot/ros_ws/src/install/_local_setup_util_sh.py'
[2.921s] INFO:colcon.colcon_core.shell:Creating prefix chain script '/home/abdelrhaman/robot/ros_ws/src/install/setup.sh'
[2.923s] INFO:colcon.colcon_core.shell:Creating prefix script '/home/abdelrhaman/robot/ros_ws/src/install/local_setup.bash'
[2.924s] INFO:colcon.colcon_core.shell:Creating prefix chain script '/home/abdelrhaman/robot/ros_ws/src/install/setup.bash'
[2.925s] INFO:colcon.colcon_core.shell:Creating prefix script '/home/abdelrhaman/robot/ros_ws/src/install/local_setup.zsh'
[2.925s] INFO:colcon.colcon_core.shell:Creating prefix chain script '/home/abdelrhaman/robot/ros_ws/src/install/setup.zsh'
