[0.063s] DEBUG:colcon:Command line arguments: ['/usr/bin/colcon', 'build', '--symlink-install']
[0.063s] DEBUG:colcon:Parsed command line arguments: Namespace(log_base=None, log_level=None, verb_name='build', build_base='build', install_base='install', merge_install=False, symlink_install=True, test_result_base=None, continue_on_error=False, executor='parallel', parallel_workers=20, event_handlers=None, ignore_user_meta=False, metas=['./colcon.meta'], base_paths=['.'], packages_ignore=None, packages_ignore_regex=None, paths=None, packages_up_to=None, packages_up_to_regex=None, packages_above=None, packages_above_and_dependencies=None, packages_above_depth=None, packages_select_by_dep=None, packages_skip_by_dep=None, packages_skip_up_to=None, packages_select_build_failed=False, packages_skip_build_finished=False, packages_select_test_failures=False, packages_skip_test_passed=False, packages_select=None, packages_skip=None, packages_select_regex=None, packages_skip_regex=None, packages_start=None, packages_end=None, allow_overriding=[], cmake_args=None, cmake_target=None, cmake_target_skip_unavailable=False, cmake_clean_cache=False, cmake_clean_first=False, cmake_force_configure=False, ament_cmake_args=None, catkin_cmake_args=None, catkin_skip_building_tests=False, verb_parser=<colcon_defaults.argument_parser.defaults.DefaultArgumentsDecorator object at 0x7fd8b4200e50>, verb_extension=<colcon_core.verb.build.BuildVerb object at 0x7fd8b4200a00>, main=<bound method BuildVerb.main of <colcon_core.verb.build.BuildVerb object at 0x7fd8b4200a00>>)
[0.166s] Level 1:colcon.colcon_core.package_discovery:discover_packages(colcon_meta) check parameters
[0.167s] Level 1:colcon.colcon_core.package_discovery:discover_packages(recursive) check parameters
[0.167s] Level 1:colcon.colcon_core.package_discovery:discover_packages(ignore) check parameters
[0.167s] Level 1:colcon.colcon_core.package_discovery:discover_packages(path) check parameters
[0.167s] Level 1:colcon.colcon_core.package_discovery:discover_packages(colcon_meta) discover
[0.167s] Level 1:colcon.colcon_core.package_discovery:discover_packages(recursive) discover
[0.167s] INFO:colcon.colcon_core.package_discovery:Crawling recursively for packages in '/home/abdelrhaman/robot/ros_ws/src'
[0.167s] Level 1:colcon.colcon_core.package_identification:_identify(.) by extensions ['ignore', 'ignore_ament_install']
[0.167s] Level 1:colcon.colcon_core.package_identification:_identify(.) by extension 'ignore'
[0.167s] Level 1:colcon.colcon_core.package_identification:_identify(.) by extension 'ignore_ament_install'
[0.167s] Level 1:colcon.colcon_core.package_identification:_identify(.) by extensions ['colcon_pkg']
[0.167s] Level 1:colcon.colcon_core.package_identification:_identify(.) by extension 'colcon_pkg'
[0.167s] Level 1:colcon.colcon_core.package_identification:_identify(.) by extensions ['colcon_meta']
[0.167s] Level 1:colcon.colcon_core.package_identification:_identify(.) by extension 'colcon_meta'
[0.167s] Level 1:colcon.colcon_core.package_identification:_identify(.) by extensions ['ros']
[0.167s] Level 1:colcon.colcon_core.package_identification:_identify(.) by extension 'ros'
[0.175s] Level 1:colcon.colcon_core.package_identification:_identify(.) by extensions ['cmake', 'python']
[0.175s] Level 1:colcon.colcon_core.package_identification:_identify(.) by extension 'cmake'
[0.175s] Level 1:colcon.colcon_core.package_identification:_identify(.) by extension 'python'
[0.175s] Level 1:colcon.colcon_core.package_identification:_identify(.) by extensions ['python_setup_py']
[0.175s] Level 1:colcon.colcon_core.package_identification:_identify(.) by extension 'python_setup_py'
[0.175s] Level 1:colcon.colcon_core.package_identification:_identify(build) by extensions ['ignore', 'ignore_ament_install']
[0.175s] Level 1:colcon.colcon_core.package_identification:_identify(build) by extension 'ignore'
[0.175s] Level 1:colcon.colcon_core.package_identification:_identify(build) ignored
[0.175s] Level 1:colcon.colcon_core.package_identification:_identify(install) by extensions ['ignore', 'ignore_ament_install']
[0.175s] Level 1:colcon.colcon_core.package_identification:_identify(install) by extension 'ignore'
[0.175s] Level 1:colcon.colcon_core.package_identification:_identify(install) ignored
[0.175s] Level 1:colcon.colcon_core.package_identification:_identify(log) by extensions ['ignore', 'ignore_ament_install']
[0.175s] Level 1:colcon.colcon_core.package_identification:_identify(log) by extension 'ignore'
[0.175s] Level 1:colcon.colcon_core.package_identification:_identify(log) ignored
[0.175s] Level 1:colcon.colcon_core.package_identification:_identify(my_camera_pkg) by extensions ['ignore', 'ignore_ament_install']
[0.175s] Level 1:colcon.colcon_core.package_identification:_identify(my_camera_pkg) by extension 'ignore'
[0.175s] Level 1:colcon.colcon_core.package_identification:_identify(my_camera_pkg) by extension 'ignore_ament_install'
[0.175s] Level 1:colcon.colcon_core.package_identification:_identify(my_camera_pkg) by extensions ['colcon_pkg']
[0.175s] Level 1:colcon.colcon_core.package_identification:_identify(my_camera_pkg) by extension 'colcon_pkg'
[0.175s] Level 1:colcon.colcon_core.package_identification:_identify(my_camera_pkg) by extensions ['colcon_meta']
[0.175s] Level 1:colcon.colcon_core.package_identification:_identify(my_camera_pkg) by extension 'colcon_meta'
[0.175s] Level 1:colcon.colcon_core.package_identification:_identify(my_camera_pkg) by extensions ['ros']
[0.175s] Level 1:colcon.colcon_core.package_identification:_identify(my_camera_pkg) by extension 'ros'
[0.177s] DEBUG:colcon.colcon_core.package_identification:Package 'my_camera_pkg' with type 'ros.ament_python' and name 'my_camera_pkg'
[0.177s] Level 1:colcon.colcon_core.package_discovery:discover_packages(recursive) using defaults
[0.177s] Level 1:colcon.colcon_core.package_discovery:discover_packages(ignore) discover
[0.177s] Level 1:colcon.colcon_core.package_discovery:discover_packages(ignore) using defaults
[0.177s] Level 1:colcon.colcon_core.package_discovery:discover_packages(path) discover
[0.177s] Level 1:colcon.colcon_core.package_discovery:discover_packages(path) using defaults
[0.197s] Level 1:colcon.colcon_core.package_discovery:discover_packages(prefix_path) check parameters
[0.197s] Level 1:colcon.colcon_core.package_discovery:discover_packages(prefix_path) discover
[0.199s] DEBUG:colcon.colcon_installed_package_information.package_discovery:Found 1 installed packages in /home/abdelrhaman/robot/ros_ws/src/install
[0.200s] DEBUG:colcon.colcon_installed_package_information.package_discovery:Found 273 installed packages in /opt/ros/humble
[0.200s] Level 1:colcon.colcon_core.package_discovery:discover_packages(prefix_path) using defaults
[0.221s] Level 5:colcon.colcon_core.verb:set package 'my_camera_pkg' build argument 'cmake_args' from command line to 'None'
[0.221s] Level 5:colcon.colcon_core.verb:set package 'my_camera_pkg' build argument 'cmake_target' from command line to 'None'
[0.221s] Level 5:colcon.colcon_core.verb:set package 'my_camera_pkg' build argument 'cmake_target_skip_unavailable' from command line to 'False'
[0.221s] Level 5:colcon.colcon_core.verb:set package 'my_camera_pkg' build argument 'cmake_clean_cache' from command line to 'False'
[0.221s] Level 5:colcon.colcon_core.verb:set package 'my_camera_pkg' build argument 'cmake_clean_first' from command line to 'False'
[0.221s] Level 5:colcon.colcon_core.verb:set package 'my_camera_pkg' build argument 'cmake_force_configure' from command line to 'False'
[0.221s] Level 5:colcon.colcon_core.verb:set package 'my_camera_pkg' build argument 'ament_cmake_args' from command line to 'None'
[0.221s] Level 5:colcon.colcon_core.verb:set package 'my_camera_pkg' build argument 'catkin_cmake_args' from command line to 'None'
[0.221s] Level 5:colcon.colcon_core.verb:set package 'my_camera_pkg' build argument 'catkin_skip_building_tests' from command line to 'False'
[0.221s] DEBUG:colcon.colcon_core.verb:Building package 'my_camera_pkg' with the following arguments: {'ament_cmake_args': None, 'build_base': '/home/abdelrhaman/robot/ros_ws/src/build/my_camera_pkg', 'catkin_cmake_args': None, 'catkin_skip_building_tests': False, 'cmake_args': None, 'cmake_clean_cache': False, 'cmake_clean_first': False, 'cmake_force_configure': False, 'cmake_target': None, 'cmake_target_skip_unavailable': False, 'install_base': '/home/abdelrhaman/robot/ros_ws/src/install/my_camera_pkg', 'merge_install': False, 'path': '/home/abdelrhaman/robot/ros_ws/src/my_camera_pkg', 'symlink_install': True, 'test_result_base': None}
[0.221s] INFO:colcon.colcon_core.executor:Executing jobs using 'parallel' executor
[0.222s] DEBUG:colcon.colcon_parallel_executor.executor.parallel:run_until_complete
[0.222s] INFO:colcon.colcon_ros.task.ament_python.build:Building ROS package in '/home/abdelrhaman/robot/ros_ws/src/my_camera_pkg' with build type 'ament_python'
[0.222s] Level 1:colcon.colcon_core.shell:create_environment_hook('my_camera_pkg', 'ament_prefix_path')
[0.223s] INFO:colcon.colcon_core.plugin_system:Skipping extension 'colcon_core.shell.bat': Not used on non-Windows systems
[0.223s] INFO:colcon.colcon_core.shell:Creating environment hook '/home/abdelrhaman/robot/ros_ws/src/install/my_camera_pkg/share/my_camera_pkg/hook/ament_prefix_path.ps1'
[0.224s] INFO:colcon.colcon_core.shell:Creating environment descriptor '/home/abdelrhaman/robot/ros_ws/src/install/my_camera_pkg/share/my_camera_pkg/hook/ament_prefix_path.dsv'
[0.224s] INFO:colcon.colcon_core.shell:Creating environment hook '/home/abdelrhaman/robot/ros_ws/src/install/my_camera_pkg/share/my_camera_pkg/hook/ament_prefix_path.sh'
[0.224s] INFO:colcon.colcon_core.shell:Skip shell extension 'powershell' for command environment: Not usable outside of PowerShell
[0.224s] DEBUG:colcon.colcon_core.shell:Skip shell extension 'dsv' for command environment
[0.680s] INFO:colcon.colcon_core.task.python.build:Building Python package in '/home/abdelrhaman/robot/ros_ws/src/my_camera_pkg'
[0.680s] INFO:colcon.colcon_core.shell:Skip shell extension 'powershell' for command environment: Not usable outside of PowerShell
[0.680s] DEBUG:colcon.colcon_core.shell:Skip shell extension 'dsv' for command environment
[1.282s] DEBUG:colcon.colcon_core.event_handler.log_command:Invoking command in '/home/abdelrhaman/robot/ros_ws/src/build/my_camera_pkg': PYTHONPATH=/home/abdelrhaman/robot/ros_ws/src/build/my_camera_pkg/prefix_override:/usr/lib/python3/dist-packages/colcon_core/task/python/colcon_distutils_commands:/home/abdelrhaman/robot/ros_ws/src/install/my_camera_pkg/lib/python3.10/site-packages:${PYTHONPATH} /usr/bin/python3 -W ignore:setup.py install is deprecated setup.py develop --editable --build-directory /home/abdelrhaman/robot/ros_ws/src/build/my_camera_pkg/build --no-deps symlink_data
[2.391s] Level 1:colcon.colcon_core.shell:create_environment_hook('my_camera_pkg', 'pythonpath_develop')
[2.392s] DEBUG:colcon.colcon_core.event_handler.log_command:Invoked command in '/home/abdelrhaman/robot/ros_ws/src/build/my_camera_pkg' returned '0': PYTHONPATH=/home/abdelrhaman/robot/ros_ws/src/build/my_camera_pkg/prefix_override:/usr/lib/python3/dist-packages/colcon_core/task/python/colcon_distutils_commands:/home/abdelrhaman/robot/ros_ws/src/install/my_camera_pkg/lib/python3.10/site-packages:${PYTHONPATH} /usr/bin/python3 -W ignore:setup.py install is deprecated setup.py develop --editable --build-directory /home/abdelrhaman/robot/ros_ws/src/build/my_camera_pkg/build --no-deps symlink_data
[2.392s] INFO:colcon.colcon_core.shell:Creating environment hook '/home/abdelrhaman/robot/ros_ws/src/build/my_camera_pkg/share/my_camera_pkg/hook/pythonpath_develop.ps1'
[2.392s] INFO:colcon.colcon_core.shell:Creating environment descriptor '/home/abdelrhaman/robot/ros_ws/src/build/my_camera_pkg/share/my_camera_pkg/hook/pythonpath_develop.dsv'
[2.392s] INFO:colcon.colcon_core.shell:Creating environment hook '/home/abdelrhaman/robot/ros_ws/src/build/my_camera_pkg/share/my_camera_pkg/hook/pythonpath_develop.sh'
[2.394s] Level 1:colcon.colcon_core.environment:checking '/home/abdelrhaman/robot/ros_ws/src/install/my_camera_pkg' for CMake module files
[2.394s] Level 1:colcon.colcon_core.environment:checking '/home/abdelrhaman/robot/ros_ws/src/install/my_camera_pkg' for CMake config files
[2.395s] Level 1:colcon.colcon_core.environment:checking '/home/abdelrhaman/robot/ros_ws/src/install/my_camera_pkg/lib'
[2.395s] Level 1:colcon.colcon_core.environment:checking '/home/abdelrhaman/robot/ros_ws/src/install/my_camera_pkg/bin'
[2.395s] Level 1:colcon.colcon_core.environment:checking '/home/abdelrhaman/robot/ros_ws/src/install/my_camera_pkg/lib/pkgconfig/my_camera_pkg.pc'
[2.395s] Level 1:colcon.colcon_core.environment:checking '/home/abdelrhaman/robot/ros_ws/src/install/my_camera_pkg/lib/python3.10/site-packages'
[2.395s] Level 1:colcon.colcon_core.shell:create_environment_hook('my_camera_pkg', 'pythonpath')
[2.395s] INFO:colcon.colcon_core.shell:Creating environment hook '/home/abdelrhaman/robot/ros_ws/src/install/my_camera_pkg/share/my_camera_pkg/hook/pythonpath.ps1'
[2.395s] INFO:colcon.colcon_core.shell:Creating environment descriptor '/home/abdelrhaman/robot/ros_ws/src/install/my_camera_pkg/share/my_camera_pkg/hook/pythonpath.dsv'
[2.395s] INFO:colcon.colcon_core.shell:Creating environment hook '/home/abdelrhaman/robot/ros_ws/src/install/my_camera_pkg/share/my_camera_pkg/hook/pythonpath.sh'
[2.396s] Level 1:colcon.colcon_core.environment:checking '/home/abdelrhaman/robot/ros_ws/src/install/my_camera_pkg/bin'
[2.396s] Level 1:colcon.colcon_core.environment:create_environment_scripts_only(my_camera_pkg)
[2.396s] INFO:colcon.colcon_core.shell:Creating package script '/home/abdelrhaman/robot/ros_ws/src/install/my_camera_pkg/share/my_camera_pkg/package.ps1'
[2.396s] INFO:colcon.colcon_core.shell:Creating package descriptor '/home/abdelrhaman/robot/ros_ws/src/install/my_camera_pkg/share/my_camera_pkg/package.dsv'
[2.397s] INFO:colcon.colcon_core.shell:Creating package script '/home/abdelrhaman/robot/ros_ws/src/install/my_camera_pkg/share/my_camera_pkg/package.sh'
[2.397s] INFO:colcon.colcon_core.shell:Creating package script '/home/abdelrhaman/robot/ros_ws/src/install/my_camera_pkg/share/my_camera_pkg/package.bash'
[2.397s] INFO:colcon.colcon_core.shell:Creating package script '/home/abdelrhaman/robot/ros_ws/src/install/my_camera_pkg/share/my_camera_pkg/package.zsh'
[2.398s] Level 1:colcon.colcon_core.environment:create_file_with_runtime_dependencies(/home/abdelrhaman/robot/ros_ws/src/install/my_camera_pkg/share/colcon-core/packages/my_camera_pkg)
[2.398s] DEBUG:colcon.colcon_parallel_executor.executor.parallel:closing loop
[2.398s] DEBUG:colcon.colcon_parallel_executor.executor.parallel:loop closed
[2.398s] DEBUG:colcon.colcon_parallel_executor.executor.parallel:run_until_complete finished with '0'
[2.398s] DEBUG:colcon.colcon_core.event_reactor:joining thread
[2.402s] INFO:colcon.colcon_core.plugin_system:Skipping extension 'colcon_notification.desktop_notification.terminal_notifier': Not used on non-Darwin systems
[2.402s] INFO:colcon.colcon_core.plugin_system:Skipping extension 'colcon_notification.desktop_notification.win32': Not used on non-Windows systems
[2.402s] INFO:colcon.colcon_notification.desktop_notification:Sending desktop notification using 'notify2'
[2.411s] DEBUG:colcon.colcon_core.event_reactor:joined thread
[2.411s] INFO:colcon.colcon_core.shell:Creating prefix script '/home/abdelrhaman/robot/ros_ws/src/install/local_setup.ps1'
[2.412s] INFO:colcon.colcon_core.shell:Creating prefix util module '/home/abdelrhaman/robot/ros_ws/src/install/_local_setup_util_ps1.py'
[2.413s] INFO:colcon.colcon_core.shell:Creating prefix chain script '/home/abdelrhaman/robot/ros_ws/src/install/setup.ps1'
[2.413s] INFO:colcon.colcon_core.shell:Creating prefix script '/home/abdelrhaman/robot/ros_ws/src/install/local_setup.sh'
[2.414s] INFO:colcon.colcon_core.shell:Creating prefix util module '/home/abdelrhaman/robot/ros_ws/src/install/_local_setup_util_sh.py'
[2.414s] INFO:colcon.colcon_core.shell:Creating prefix chain script '/home/abdelrhaman/robot/ros_ws/src/install/setup.sh'
[2.415s] INFO:colcon.colcon_core.shell:Creating prefix script '/home/abdelrhaman/robot/ros_ws/src/install/local_setup.bash'
[2.415s] INFO:colcon.colcon_core.shell:Creating prefix chain script '/home/abdelrhaman/robot/ros_ws/src/install/setup.bash'
[2.415s] INFO:colcon.colcon_core.shell:Creating prefix script '/home/abdelrhaman/robot/ros_ws/src/install/local_setup.zsh'
[2.416s] INFO:colcon.colcon_core.shell:Creating prefix chain script '/home/abdelrhaman/robot/ros_ws/src/install/setup.zsh'
