[1.032s] Invoking command in '/home/abdelrhaman/robot/ros_ws/src/build/gui': PYTHONPATH=/home/abdelrhaman/robot/ros_ws/src/build/gui/prefix_override:/usr/lib/python3/dist-packages/colcon_core/task/python/colcon_distutils_commands:/home/abdelrhaman/robot/ros_ws/src/install/gui/lib/python3.10/site-packages:${PYTHONPATH} /usr/bin/python3 -W ignore:setup.py install is deprecated setup.py develop --editable --build-directory /home/abdelrhaman/robot/ros_ws/src/build/gui/build --no-deps symlink_data
[1.526s] running develop
[1.526s] /home/abdelrhaman/.local/lib/python3.10/site-packages/setuptools/command/easy_install.py:144: EasyInstallDeprecationWarning: easy_install command is deprecated. Use build and pip and other standards-based tools.
[1.526s]   warnings.warn(
[1.796s] running egg_info
[1.833s] writing gui.egg-info/PKG-INFO
[1.864s] writing dependency_links to gui.egg-info/dependency_links.txt
[1.957s] writing entry points to gui.egg-info/entry_points.txt
[2.018s] writing requirements to gui.egg-info/requires.txt
[2.049s] writing top-level names to gui.egg-info/top_level.txt
[2.096s] reading manifest file 'gui.egg-info/SOURCES.txt'
[2.096s] writing manifest file 'gui.egg-info/SOURCES.txt'
[2.135s] running build_ext
[2.135s] Creating /home/abdelrhaman/robot/ros_ws/src/install/gui/lib/python3.10/site-packages/gui.egg-link (link to .)
[2.135s] Installing GuiTabs script to /home/abdelrhaman/robot/ros_ws/src/install/gui/lib/gui
[2.135s] Installing line script to /home/abdelrhaman/robot/ros_ws/src/install/gui/lib/gui
[2.135s] 
[2.135s] Installed /home/abdelrhaman/robot/ros_ws/src/build/gui
[2.136s] running symlink_data
[2.159s] Invoked command in '/home/abdelrhaman/robot/ros_ws/src/build/gui' returned '0': PYTHONPATH=/home/abdelrhaman/robot/ros_ws/src/build/gui/prefix_override:/usr/lib/python3/dist-packages/colcon_core/task/python/colcon_distutils_commands:/home/abdelrhaman/robot/ros_ws/src/install/gui/lib/python3.10/site-packages:${PYTHONPATH} /usr/bin/python3 -W ignore:setup.py install is deprecated setup.py develop --editable --build-directory /home/abdelrhaman/robot/ros_ws/src/build/gui/build --no-deps symlink_data
