[1.067s] Invoking command in '/home/abdelrhaman/robot/ros_ws/src/build/my_camera_pkg': PYTHONPATH=/home/abdelrhaman/robot/ros_ws/src/build/my_camera_pkg/prefix_override:/usr/lib/python3/dist-packages/colcon_core/task/python/colcon_distutils_commands:/home/abdelrhaman/robot/ros_ws/src/install/my_camera_pkg/lib/python3.10/site-packages:${PYTHONPATH} /usr/bin/python3 -W ignore:setup.py install is deprecated setup.py develop --editable --build-directory /home/abdelrhaman/robot/ros_ws/src/build/my_camera_pkg/build --no-deps symlink_data
[1.585s] running develop
[1.585s] /home/abdelrhaman/.local/lib/python3.10/site-packages/setuptools/command/easy_install.py:144: EasyInstallDeprecationWarning: easy_install command is deprecated. Use build and pip and other standards-based tools.
[1.585s]   warnings.warn(
[1.843s] running egg_info
[1.843s] creating my_camera_pkg.egg-info
[1.881s] writing my_camera_pkg.egg-info/PKG-INFO
[1.913s] writing dependency_links to my_camera_pkg.egg-info/dependency_links.txt
[2.070s] writing requirements to my_camera_pkg.egg-info/requires.txt
[2.102s] writing top-level names to my_camera_pkg.egg-info/top_level.txt
[2.102s] writing manifest file 'my_camera_pkg.egg-info/SOURCES.txt'
[2.150s] reading manifest file 'my_camera_pkg.egg-info/SOURCES.txt'
[2.150s] writing manifest file 'my_camera_pkg.egg-info/SOURCES.txt'
[2.190s] running build_ext
[2.190s] Creating /home/abdelrhaman/robot/ros_ws/src/install/my_camera_pkg/lib/python3.10/site-packages/my-camera-pkg.egg-link (link to .)
[2.190s] 
[2.190s] Installed /home/abdelrhaman/robot/ros_ws/src/build/my_camera_pkg
[2.190s] running symlink_data
[2.190s] creating /home/abdelrhaman/robot/ros_ws/src/install/my_camera_pkg/share/ament_index
[2.190s] creating /home/abdelrhaman/robot/ros_ws/src/install/my_camera_pkg/share/ament_index/resource_index
[2.190s] creating /home/abdelrhaman/robot/ros_ws/src/install/my_camera_pkg/share/ament_index/resource_index/packages
[2.190s] symbolically linking /home/abdelrhaman/robot/ros_ws/src/build/my_camera_pkg/resource/my_camera_pkg -> /home/abdelrhaman/robot/ros_ws/src/install/my_camera_pkg/share/ament_index/resource_index/packages
[2.190s] symbolically linking /home/abdelrhaman/robot/ros_ws/src/build/my_camera_pkg/package.xml -> /home/abdelrhaman/robot/ros_ws/src/install/my_camera_pkg/share/my_camera_pkg
[2.210s] Invoked command in '/home/abdelrhaman/robot/ros_ws/src/build/my_camera_pkg' returned '0': PYTHONPATH=/home/abdelrhaman/robot/ros_ws/src/build/my_camera_pkg/prefix_override:/usr/lib/python3/dist-packages/colcon_core/task/python/colcon_distutils_commands:/home/abdelrhaman/robot/ros_ws/src/install/my_camera_pkg/lib/python3.10/site-packages:${PYTHONPATH} /usr/bin/python3 -W ignore:setup.py install is deprecated setup.py develop --editable --build-directory /home/abdelrhaman/robot/ros_ws/src/build/my_camera_pkg/build --no-deps symlink_data
