[1.507s] Invoking command in '/home/abdelrhaman/robot/ros_ws/src/build/control': PYTHONPATH=/home/abdelrhaman/robot/ros_ws/src/build/control/prefix_override:/usr/lib/python3/dist-packages/colcon_core/task/python/colcon_distutils_commands:/home/abdelrhaman/robot/ros_ws/src/install/control/lib/python3.10/site-packages:${PYTHONPATH} /usr/bin/python3 -W ignore:setup.py install is deprecated setup.py develop --editable --build-directory /home/abdelrhaman/robot/ros_ws/src/build/control/build --no-deps symlink_data
[2.002s] running develop
[2.002s] /home/abdelrhaman/.local/lib/python3.10/site-packages/setuptools/command/easy_install.py:144: EasyInstallDeprecationWarning: easy_install command is deprecated. Use build and pip and other standards-based tools.
[2.002s]   warnings.warn(
[2.267s] running egg_info
[2.267s] creating control.egg-info
[2.306s] writing control.egg-info/PKG-INFO
[2.338s] writing dependency_links to control.egg-info/dependency_links.txt
[2.434s] writing entry points to control.egg-info/entry_points.txt
[2.498s] writing requirements to control.egg-info/requires.txt
[2.530s] writing top-level names to control.egg-info/top_level.txt
[2.530s] writing manifest file 'control.egg-info/SOURCES.txt'
[2.578s] reading manifest file 'control.egg-info/SOURCES.txt'
[2.578s] writing manifest file 'control.egg-info/SOURCES.txt'
[2.619s] running build_ext
[2.619s] Creating /home/abdelrhaman/robot/ros_ws/src/install/control/lib/python3.10/site-packages/control.egg-link (link to .)
[2.619s] Installing pid script to /home/abdelrhaman/robot/ros_ws/src/install/control/lib/control
[2.619s] 
[2.619s] Installed /home/abdelrhaman/robot/ros_ws/src/build/control
[2.619s] running symlink_data
[2.620s] creating /home/abdelrhaman/robot/ros_ws/src/install/control/share/ament_index
[2.620s] creating /home/abdelrhaman/robot/ros_ws/src/install/control/share/ament_index/resource_index
[2.620s] creating /home/abdelrhaman/robot/ros_ws/src/install/control/share/ament_index/resource_index/packages
[2.620s] symbolically linking /home/abdelrhaman/robot/ros_ws/src/build/control/resource/control -> /home/abdelrhaman/robot/ros_ws/src/install/control/share/ament_index/resource_index/packages
[2.620s] symbolically linking /home/abdelrhaman/robot/ros_ws/src/build/control/package.xml -> /home/abdelrhaman/robot/ros_ws/src/install/control/share/control
[2.644s] Invoked command in '/home/abdelrhaman/robot/ros_ws/src/build/control' returned '0': PYTHONPATH=/home/abdelrhaman/robot/ros_ws/src/build/control/prefix_override:/usr/lib/python3/dist-packages/colcon_core/task/python/colcon_distutils_commands:/home/abdelrhaman/robot/ros_ws/src/install/control/lib/python3.10/site-packages:${PYTHONPATH} /usr/bin/python3 -W ignore:setup.py install is deprecated setup.py develop --editable --build-directory /home/abdelrhaman/robot/ros_ws/src/build/control/build --no-deps symlink_data
